f:\作业\c++面向对象\大作业\单次消除游戏\单次消除游戏\debug\vc142.pdb
f:\作业\c++面向对象\大作业\单次消除游戏\单次消除游戏\debug\vc142.idb
f:\作业\c++面向对象\大作业\单次消除游戏\单次消除游戏\debug\main.obj
f:\作业\c++面向对象\大作业\单次消除游戏\单次消除游戏\debug\class.obj
f:\作业\c++面向对象\大作业\单次消除游戏\debug\单次消除游戏.exe
f:\作业\c++面向对象\大作业\单次消除游戏\debug\单次消除游戏.ilk
f:\作业\c++面向对象\大作业\单次消除游戏\debug\单次消除游戏.pdb
f:\作业\c++面向对象\大作业\单词消除游戏\单次消除游戏\debug\class.obj
f:\作业\c++面向对象\大作业\单词消除游戏\单次消除游戏\debug\main.obj
f:\作业\c++面向对象\大作业\单词消除游戏\单次消除游戏\debug\vc142.idb
f:\作业\c++面向对象\大作业\单词消除游戏\单次消除游戏\debug\vc142.pdb
f:\作业\c++面向对象\大作业\单词消除游戏\debug\单次消除游戏.pdb
f:\作业\c++面向对象\大作业\单词消除游戏\debug\单次消除游戏.exe
f:\作业\c++面向对象\大作业\单词消除游戏\debug\单次消除游戏.ilk
f:\作业\c++面向对象\大作业\单词消除游戏\单次消除游戏\debug\单次消除游戏.tlog\cl.command.1.tlog
f:\作业\c++面向对象\大作业\单词消除游戏\单次消除游戏\debug\单次消除游戏.tlog\cl.read.1.tlog
f:\作业\c++面向对象\大作业\单词消除游戏\单次消除游戏\debug\单次消除游戏.tlog\cl.write.1.tlog
f:\作业\c++面向对象\大作业\单词消除游戏\单次消除游戏\debug\单次消除游戏.tlog\link.command.1.tlog
f:\作业\c++面向对象\大作业\单词消除游戏\单次消除游戏\debug\单次消除游戏.tlog\link.read.1.tlog
f:\作业\c++面向对象\大作业\单词消除游戏\单次消除游戏\debug\单次消除游戏.tlog\link.write.1.tlog
